#
# A fatal error has been detected by the Java Runtime Environment:
#
#  Internal Error (javaClasses.cpp:127), pid=5616, tid=2352
#  fatal error: Invalid layout of preloaded class
#
# JRE version:  (8.0_51-b16) (build )
# Java VM: Java HotSpot(TM) Client VM (25.51-b03 mixed mode windows-x86 )
# Failed to write core dump. Minidumps are not enabled by default on client versions of Windows
#
# If you would like to submit a bug report, please visit:
#   http://bugreport.java.com/bugreport/crash.jsp
#

---------------  T H R E A D  ---------------

Current thread (0x0092c000):  JavaThread "Unknown thread" [_thread_in_vm, id=2352, stack(0x01990000,0x019e0000)]

Stack: [0x01990000,0x019e0000],  sp=0x019df394,  free space=316k
Native frames: (J=compiled Java code, j=interpreted, Vv=VM code, C=native code)
V  [jvm.dll+0x1a519b]
V  [jvm.dll+0x19da96]
V  [jvm.dll+0x42409]
V  [jvm.dll+0x425be]
V  [jvm.dll+0x51ade]
V  [jvm.dll+0xa868e]
V  [jvm.dll+0xa8952]
V  [jvm.dll+0x154751]
V  [jvm.dll+0x1788cb]
V  [jvm.dll+0xe5291]
C  [javaw.exe+0x14d3]
C  [javaw.exe+0x2047]
C  [javaw.exe+0xae2f]
C  [javaw.exe+0xaeb9]
C  [kernel32.dll+0x4ed6c]
C  [ntdll.dll+0x6377b]
C  [ntdll.dll+0x6374e]
C  0x00000000


---------------  P R O C E S S  ---------------

Java Threads: ( => current thread )

Other Threads:

=>0x0092c000 (exited) JavaThread "Unknown thread" [_thread_in_vm, id=2352, stack(0x01990000,0x019e0000)]

VM state:not at safepoint (not fully initialized)

VM Mutex/Monitor currently owned by a thread: None

GC Heap History (0 events):
No events

Deoptimization events (0 events):
No events

Internal exceptions (0 events):
No events

Events (10 events):
Event: 0.026 loading class java/lang/CharSequence done
Event: 0.026 loading class java/lang/String done
Event: 0.026 loading class java/lang/Class
Event: 0.026 loading class java/lang/reflect/AnnotatedElement
Event: 0.026 loading class java/lang/reflect/AnnotatedElement done
Event: 0.026 loading class java/lang/reflect/GenericDeclaration
Event: 0.026 loading class java/lang/reflect/GenericDeclaration done
Event: 0.026 loading class java/lang/reflect/Type
Event: 0.026 loading class java/lang/reflect/Type done
Event: 0.027 loading class java/lang/Class done


Dynamic libraries:
0x00940000 - 0x00973000 	D:\Program Files\Java\jre1.8.0_51\bin\javaw.exe
0x77ca0000 - 0x77ddc000 	C:\windows\SYSTEM32\ntdll.dll
0x77460000 - 0x77534000 	C:\windows\system32\kernel32.dll
0x75fe0000 - 0x7602b000 	C:\windows\system32\KERNELBASE.dll
0x77ab0000 - 0x77b50000 	C:\windows\system32\ADVAPI32.dll
0x779a0000 - 0x77a4c000 	C:\windows\system32\msvcrt.dll
0x76150000 - 0x76169000 	C:\windows\SYSTEM32\sechost.dll
0x77b50000 - 0x77bf1000 	C:\windows\system32\RPCRT4.dll
0x77390000 - 0x77459000 	C:\windows\system32\USER32.dll
0x77730000 - 0x7777e000 	C:\windows\system32\GDI32.dll
0x77de0000 - 0x77dea000 	C:\windows\system32\LPK.dll
0x77c00000 - 0x77c9d000 	C:\windows\system32\USP10.dll
0x74200000 - 0x7439e000 	C:\windows\WinSxS\x86_microsoft.windows.common-controls_6595b64144ccf1df_6.0.7601.17514_none_41e6975e2bd6f2b2\COMCTL32.dll
0x77a50000 - 0x77aa7000 	C:\windows\system32\SHLWAPI.dll
0x77df0000 - 0x77e0f000 	C:\windows\system32\IMM32.DLL
0x778d0000 - 0x7799c000 	C:\windows\system32\MSCTF.dll
0x5ddf0000 - 0x5deaf000 	D:\Program Files\Java\jre1.8.0_51\bin\msvcr100.dll
0x6b800000 - 0x6bbc0000 	D:\Program Files\Java\jre1.8.0_51\bin\client\jvm.dll
0x71ad0000 - 0x71ad7000 	C:\windows\system32\WSOCK32.dll
0x76170000 - 0x761a5000 	C:\windows\system32\WS2_32.dll
0x77e10000 - 0x77e16000 	C:\windows\system32\NSI.dll
0x72910000 - 0x72942000 	C:\windows\system32\WINMM.dll
0x75290000 - 0x75299000 	C:\windows\system32\VERSION.dll
0x77230000 - 0x77235000 	C:\windows\system32\PSAPI.DLL
0x71560000 - 0x7156c000 	D:\Program Files\Java\jre1.8.0_51\bin\verify.dll
0x70250000 - 0x70271000 	D:\Program Files\Java\jre1.8.0_51\bin\java.dll
0x71290000 - 0x712a3000 	D:\Program Files\Java\jre1.8.0_51\bin\zip.dll
0x74d70000 - 0x74e5b000 	C:\windows\system32\dbghelp.dll

VM Arguments:
jvm_args: -Dfile.encoding=UTF-8 -Xbootclasspath:E:\sdk\platforms\android-22\android.jar 
java_command: com.ahjswy.cn.ssssssss
java_class_path (initial): D:\swyGit\jswy\libs\BmobSDK_3.5.8_20171013.jar;D:\swyGit\jswy\libs\rxjava-1.1.6.jar;D:\swyGit\jswy\libs\fastjson-1.2.2.jar;D:\swyGit\jswy\libs\okio-1.12.0.jar;D:\swyGit\jswy\libs\gson-2.6.2.jar;D:\swyGit\jswy\libs\org.apache.http.legacy.jar;D:\swyGit\jswy\libs\rxandroid-1.2.0.jar;D:\swyGit\jswy\libs\ScanerLibrary.jar;D:\swyGit\jswy\libs\android-support-v4.jar;D:\swyGit\jswy\libs\jackson-all-1.6.0.jar;D:\swyGit\jswy\libs\jtds-1.2.2.jar;D:\swyGit\jswy\libs\kjframe-2.5.5.jar;D:\swyGit\jswy\libs\platform_sdk_v2.3.706.jar;D:\swyGit\jswy\bin\classes
Launcher Type: SUN_STANDARD

Environment Variables:
JAVA_HOME=D:\Program Files\Java\jdk1.8.0_51
PATH=D:/Program Files/Java/jre1.8.0_51/bin/client;D:/Program Files/Java/jre1.8.0_51/bin;D:/Program Files/Java/jre1.8.0_51/lib/i386;C:\ProgramData\Oracle\Java\javapath;C:\windows\system32;C:\windows;C:\windows\System32\Wbem;C:\windows\System32\WindowsPowerShell\v1.0\;D:\EclipseForAndroid\sdk\platform-tools;D:\program files\Java\jdk1.7.0_17\bin;D:\sdk\platform-tools\;E:\asSDK\platform-tools;C:\Program Files\TortoiseSVN\bin;C:\Program Files\Common Files\Ulead Systems\MPEG\;C:\Python27;E:\eclipse;
USERNAME=Administrator
OS=Windows_NT
PROCESSOR_IDENTIFIER=x86 Family 6 Model 23 Stepping 10, GenuineIntel



---------------  S Y S T E M  ---------------

OS: Windows 7 Build 7601 (6.1.7601.17932)

CPU:total 2 (2 cores per cpu, 1 threads per core) family 6 model 23 stepping 10, cmov, cx8, fxsr, mmx, sse, sse2, sse3, ssse3, sse4.1, tsc

Memory: 4k page, physical 3109480k(836600k free), swap 6217204k(3089088k free)

vm_info: Java HotSpot(TM) Client VM (25.51-b03) for windows-x86 JRE (1.8.0_51-b16), built on Jun  8 2015 18:00:23 by "java_re" with MS VC++ 10.0 (VS2010)

time: Sat Mar 10 00:00:17 2018
elapsed time: 0 seconds (0d 0h 0m 0s)

